{"C:\\Users\\ASUS\\Documents\\RPL\\tubes\\tubes-rpl\\backend\\config\\db.js": {"path":"C:\\Users\\ASUS\\Documents\\RPL\\tubes\\tubes-rpl\\backend\\config\\db.js","statementMap":{"0":{"start":{"line":1,"column":17},"end":{"line":1,"column":30}},"1":{"start":{"line":3,"column":13},"end":{"line":9,"column":2}},"2":{"start":{"line":11,"column":0},"end":{"line":11,"column":22}}},"fnMap":{},"branchMap":{},"s":{"0":1,"1":1,"2":1},"f":{},"b":{},"_coverageSchema":"1a1c01bbd47fc00a2c39e90264f33305004495a9","hash":"6d69bd02e6ebfeb1a2f3d58e8d38904dccb5ea86"}
,"C:\\Users\\ASUS\\Documents\\RPL\\tubes\\tubes-rpl\\backend\\controllers\\komponenController.js": {"path":"C:\\Users\\ASUS\\Documents\\RPL\\tubes\\tubes-rpl\\backend\\controllers\\komponenController.js","statementMap":{"0":{"start":{"line":1,"column":17},"end":{"line":1,"column":51}},"1":{"start":{"line":3,"column":0},"end":{"line":6,"column":2}},"2":{"start":{"line":4,"column":15},"end":{"line":4,"column":38}},"3":{"start":{"line":5,"column":2},"end":{"line":5,"column":17}},"4":{"start":{"line":8,"column":0},"end":{"line":11,"column":2}},"5":{"start":{"line":9,"column":15},"end":{"line":9,"column":61}},"6":{"start":{"line":10,"column":2},"end":{"line":10,"column":17}},"7":{"start":{"line":13,"column":0},"end":{"line":16,"column":2}},"8":{"start":{"line":14,"column":15},"end":{"line":14,"column":46}},"9":{"start":{"line":15,"column":2},"end":{"line":15,"column":50}},"10":{"start":{"line":18,"column":0},"end":{"line":21,"column":2}},"11":{"start":{"line":19,"column":15},"end":{"line":19,"column":70}},"12":{"start":{"line":20,"column":2},"end":{"line":20,"column":50}},"13":{"start":{"line":23,"column":0},"end":{"line":26,"column":2}},"14":{"start":{"line":24,"column":2},"end":{"line":24,"column":48}},"15":{"start":{"line":25,"column":2},"end":{"line":25,"column":44}}},"fnMap":{"0":{"name":"(anonymous_0)","decl":{"start":{"line":3,"column":25},"end":{"line":3,"column":26}},"loc":{"start":{"line":3,"column":45},"end":{"line":6,"column":1}},"line":3},"1":{"name":"(anonymous_1)","decl":{"start":{"line":8,"column":22},"end":{"line":8,"column":23}},"loc":{"start":{"line":8,"column":42},"end":{"line":11,"column":1}},"line":8},"2":{"name":"(anonymous_2)","decl":{"start":{"line":13,"column":25},"end":{"line":13,"column":26}},"loc":{"start":{"line":13,"column":45},"end":{"line":16,"column":1}},"line":13},"3":{"name":"(anonymous_3)","decl":{"start":{"line":18,"column":25},"end":{"line":18,"column":26}},"loc":{"start":{"line":18,"column":45},"end":{"line":21,"column":1}},"line":18},"4":{"name":"(anonymous_4)","decl":{"start":{"line":23,"column":25},"end":{"line":23,"column":26}},"loc":{"start":{"line":23,"column":45},"end":{"line":26,"column":1}},"line":23}},"branchMap":{},"s":{"0":1,"1":1,"2":2,"3":2,"4":1,"5":2,"6":2,"7":1,"8":3,"9":2,"10":1,"11":2,"12":2,"13":1,"14":2,"15":2},"f":{"0":2,"1":2,"2":3,"3":2,"4":2},"b":{},"_coverageSchema":"1a1c01bbd47fc00a2c39e90264f33305004495a9","hash":"9e55527af052f3dbdded8e9969934e6e87362055"}
,"C:\\Users\\ASUS\\Documents\\RPL\\tubes\\tubes-rpl\\backend\\models\\komponenModel.js": {"path":"C:\\Users\\ASUS\\Documents\\RPL\\tubes\\tubes-rpl\\backend\\models\\komponenModel.js","statementMap":{"0":{"start":{"line":1,"column":13},"end":{"line":1,"column":36}},"1":{"start":{"line":3,"column":15},"end":{"line":6,"column":1}},"2":{"start":{"line":4,"column":17},"end":{"line":4,"column":84}},"3":{"start":{"line":5,"column":2},"end":{"line":5,"column":21}},"4":{"start":{"line":8,"column":16},"end":{"line":11,"column":1}},"5":{"start":{"line":9,"column":17},"end":{"line":9,"column":88}},"6":{"start":{"line":10,"column":2},"end":{"line":10,"column":24}},"7":{"start":{"line":13,"column":15},"end":{"line":24,"column":1}},"8":{"start":{"line":14,"column":2},"end":{"line":16,"column":3}},"9":{"start":{"line":15,"column":4},"end":{"line":15,"column":47}},"10":{"start":{"line":18,"column":17},"end":{"line":21,"column":3}},"11":{"start":{"line":23,"column":2},"end":{"line":23,"column":24}},"12":{"start":{"line":26,"column":15},"end":{"line":33,"column":1}},"13":{"start":{"line":27,"column":17},"end":{"line":30,"column":3}},"14":{"start":{"line":32,"column":2},"end":{"line":32,"column":24}},"15":{"start":{"line":35,"column":15},"end":{"line":38,"column":1}},"16":{"start":{"line":36,"column":17},"end":{"line":36,"column":107}},"17":{"start":{"line":37,"column":2},"end":{"line":37,"column":29}},"18":{"start":{"line":40,"column":0},"end":{"line":40,"column":61}}},"fnMap":{"0":{"name":"(anonymous_0)","decl":{"start":{"line":3,"column":15},"end":{"line":3,"column":16}},"loc":{"start":{"line":3,"column":27},"end":{"line":6,"column":1}},"line":3},"1":{"name":"(anonymous_1)","decl":{"start":{"line":8,"column":16},"end":{"line":8,"column":17}},"loc":{"start":{"line":8,"column":30},"end":{"line":11,"column":1}},"line":8},"2":{"name":"(anonymous_2)","decl":{"start":{"line":13,"column":15},"end":{"line":13,"column":16}},"loc":{"start":{"line":13,"column":31},"end":{"line":24,"column":1}},"line":13},"3":{"name":"(anonymous_3)","decl":{"start":{"line":26,"column":15},"end":{"line":26,"column":16}},"loc":{"start":{"line":26,"column":44},"end":{"line":33,"column":1}},"line":26},"4":{"name":"(anonymous_4)","decl":{"start":{"line":35,"column":15},"end":{"line":35,"column":16}},"loc":{"start":{"line":35,"column":38},"end":{"line":38,"column":1}},"line":35}},"branchMap":{"0":{"loc":{"start":{"line":14,"column":2},"end":{"line":16,"column":3}},"type":"if","locations":[{"start":{"line":14,"column":2},"end":{"line":16,"column":3}},{"start":{},"end":{}}],"line":14},"1":{"loc":{"start":{"line":14,"column":6},"end":{"line":14,"column":67}},"type":"binary-expr","locations":[{"start":{"line":14,"column":6},"end":{"line":14,"column":20}},{"start":{"line":14,"column":24},"end":{"line":14,"column":43}},{"start":{"line":14,"column":47},"end":{"line":14,"column":67}}],"line":14},"2":{"loc":{"start":{"line":20,"column":61},"end":{"line":20,"column":81}},"type":"binary-expr","locations":[{"start":{"line":20,"column":61},"end":{"line":20,"column":73}},{"start":{"line":20,"column":77},"end":{"line":20,"column":81}}],"line":20},"3":{"loc":{"start":{"line":29,"column":46},"end":{"line":29,"column":66}},"type":"binary-expr","locations":[{"start":{"line":29,"column":46},"end":{"line":29,"column":58}},{"start":{"line":29,"column":62},"end":{"line":29,"column":66}}],"line":29}},"s":{"0":1,"1":1,"2":0,"3":0,"4":1,"5":0,"6":0,"7":1,"8":0,"9":0,"10":0,"11":0,"12":1,"13":0,"14":0,"15":1,"16":0,"17":0,"18":1},"f":{"0":0,"1":0,"2":0,"3":0,"4":0},"b":{"0":[0,0],"1":[0,0,0],"2":[0,0],"3":[0,0]},"_coverageSchema":"1a1c01bbd47fc00a2c39e90264f33305004495a9","hash":"d9079b4a7f6eb86aa67d694eb3ee59c86c4b18a9"}
}
